{
  "stats": {
    "suites": 1,
    "tests": 1,
    "passes": 1,
    "pending": 0,
    "failures": 0,
    "start": "2024-06-22T17:59:42.420Z",
    "end": "2024-06-22T17:59:46.017Z",
    "duration": 3597,
    "testsRegistered": 1,
    "passPercent": 100,
    "pendingPercent": 0,
    "other": 0,
    "hasOther": false,
    "skipped": 0,
    "hasSkipped": false
  },
  "results": [
    {
      "uuid": "198db64a-6a2c-4529-8aa0-5ff9132e5af2",
      "title": "",
      "fullFile": "cypress/e2e/add_car-test.cy.js",
      "file": "cypress/e2e/add_car-test.cy.js",
      "beforeHooks": [],
      "afterHooks": [],
      "tests": [],
      "suites": [
        {
          "uuid": "f4afa6c1-5c73-4f70-981a-d8096ab26b8a",
          "title": "Test adding car functionality",
          "fullFile": "",
          "file": "",
          "beforeHooks": [],
          "afterHooks": [],
          "tests": [
            {
              "title": "Add new car to user garage",
              "fullTitle": "Test adding car functionality Add new car to user garage",
              "timedOut": null,
              "duration": 3565,
              "state": "passed",
              "speed": "fast",
              "pass": true,
              "fail": false,
              "pending": false,
              "context": null,
              "code": "_garageStep.garageStep.addNewCar(car);\n_garageStep.garageStep.validateAddedCar(car);",
              "err": {},
              "uuid": "d019d1b5-2f26-4348-a986-51b63c85d5dc",
              "parentUUID": "f4afa6c1-5c73-4f70-981a-d8096ab26b8a",
              "isHook": false,
              "skipped": false
            }
          ],
          "suites": [],
          "passes": [
            "d019d1b5-2f26-4348-a986-51b63c85d5dc"
          ],
          "failures": [],
          "pending": [],
          "skipped": [],
          "duration": 3565,
          "root": false,
          "rootEmpty": false,
          "_timeout": 2000
        }
      ],
      "passes": [],
      "failures": [],
      "pending": [],
      "skipped": [],
      "duration": 0,
      "root": true,
      "rootEmpty": true,
      "_timeout": 2000
    }
  ],
  "meta": {
    "mocha": {
      "version": "7.0.1"
    },
    "mochawesome": {
      "options": {
        "quiet": false,
        "reportFilename": "mochawesome",
        "saveHtml": false,
        "saveJson": true,
        "consoleReporter": "spec",
        "useInlineDiffs": false,
        "code": true
      },
      "version": "7.1.3"
    },
    "marge": {
      "options": {
        "overwrite": false,
        "html": false,
        "json": true,
        "reportDir": "cypress/reports/html/.jsons"
      },
      "version": "6.2.0"
    }
  }
}