{
  "stats": {
    "suites": 1,
    "tests": 1,
    "passes": 1,
    "pending": 0,
    "failures": 0,
    "start": "2024-06-22T17:59:56.559Z",
    "end": "2024-06-22T18:00:00.044Z",
    "duration": 3485,
    "testsRegistered": 1,
    "passPercent": 100,
    "pendingPercent": 0,
    "other": 0,
    "hasOther": false,
    "skipped": 0,
    "hasSkipped": false
  },
  "results": [
    {
      "uuid": "761693f3-12cb-4129-87cc-a0175c45e51c",
      "title": "",
      "fullFile": "cypress/e2e/first_hillel_test.cy.js",
      "file": "cypress/e2e/first_hillel_test.cy.js",
      "beforeHooks": [],
      "afterHooks": [],
      "tests": [],
      "suites": [
        {
          "uuid": "b9811b2f-0a84-4c45-9013-98865f02da43",
          "title": "Test qaauto Sign in",
          "fullFile": "",
          "file": "",
          "beforeHooks": [],
          "afterHooks": [],
          "tests": [
            {
              "title": "Test Sign up form",
              "fullTitle": "Test qaauto Sign in Test Sign up form",
              "timedOut": null,
              "duration": 3474,
              "state": "passed",
              "speed": "fast",
              "pass": true,
              "fail": false,
              "pending": false,
              "context": null,
              "code": "const userToRegister = _User.User.validUnregisteredUser();\ncy.visit(Cypress.env('baseUrl'));\n//cy.visit(`/`);\n_BasePage.basePage.signUpButton().should('exist').click();\n_BasePage.basePage.signUpForm(userToRegister);\n_BasePage.basePage.validateSignUp();\n_GaragePage.GaragePage.validateUserName(userToRegister);",
              "err": {},
              "uuid": "30c33227-87a1-4f6c-b05a-18de9a6aaf2e",
              "parentUUID": "b9811b2f-0a84-4c45-9013-98865f02da43",
              "isHook": false,
              "skipped": false
            }
          ],
          "suites": [],
          "passes": [
            "30c33227-87a1-4f6c-b05a-18de9a6aaf2e"
          ],
          "failures": [],
          "pending": [],
          "skipped": [],
          "duration": 3474,
          "root": false,
          "rootEmpty": false,
          "_timeout": 2000
        }
      ],
      "passes": [],
      "failures": [],
      "pending": [],
      "skipped": [],
      "duration": 0,
      "root": true,
      "rootEmpty": true,
      "_timeout": 2000
    }
  ],
  "meta": {
    "mocha": {
      "version": "7.0.1"
    },
    "mochawesome": {
      "options": {
        "quiet": false,
        "reportFilename": "mochawesome",
        "saveHtml": false,
        "saveJson": true,
        "consoleReporter": "spec",
        "useInlineDiffs": false,
        "code": true
      },
      "version": "7.1.3"
    },
    "marge": {
      "options": {
        "overwrite": false,
        "html": false,
        "json": true,
        "reportDir": "cypress/reports/html/.jsons"
      },
      "version": "6.2.0"
    }
  }
}