{
  "stats": {
    "suites": 1,
    "tests": 2,
    "passes": 2,
    "pending": 0,
    "failures": 0,
    "start": "2024-06-22T18:08:46.393Z",
    "end": "2024-06-22T18:08:53.787Z",
    "duration": 7394,
    "testsRegistered": 2,
    "passPercent": 100,
    "pendingPercent": 0,
    "other": 0,
    "hasOther": false,
    "skipped": 0,
    "hasSkipped": false
  },
  "results": [
    {
      "uuid": "fe3e4e83-eed9-482d-afb0-466736807eaf",
      "title": "",
      "fullFile": "cypress/e2e/add_expenses.cy.js",
      "file": "cypress/e2e/add_expenses.cy.js",
      "beforeHooks": [],
      "afterHooks": [],
      "tests": [],
      "suites": [
        {
          "uuid": "087f8f0a-a80c-4912-a76e-00fedbb119ad",
          "title": "Test adding car expenses",
          "fullFile": "",
          "file": "",
          "beforeHooks": [],
          "afterHooks": [],
          "tests": [
            {
              "title": "Add expenses to car",
              "fullTitle": "Test adding car expenses Add expenses to car",
              "timedOut": null,
              "duration": 4664,
              "state": "passed",
              "speed": "fast",
              "pass": true,
              "fail": false,
              "pending": false,
              "context": null,
              "code": "_garageStep.garageStep.addNewCar(car);\n_garageStep.garageStep.validateAddedCar(car);\n_fuelExpensesStep.fuelExpensesSteps.addAnExpenses(carExpenses);\n_fuelExpensesStep.fuelExpensesSteps.validateAddedExpenses();",
              "err": {},
              "uuid": "8461487a-2d78-4bdc-bad1-0c6b305b26de",
              "parentUUID": "087f8f0a-a80c-4912-a76e-00fedbb119ad",
              "isHook": false,
              "skipped": false
            },
            {
              "title": "Remove expenses from car",
              "fullTitle": "Test adding car expenses Remove expenses from car",
              "timedOut": null,
              "duration": 2667,
              "state": "passed",
              "speed": "fast",
              "pass": true,
              "fail": false,
              "pending": false,
              "context": null,
              "code": "_fuelExpensesStep.fuelExpensesSteps.navigateToExpenses();\n_fuelExpensesStep.fuelExpensesSteps.deleteExpenses();\n_fuelExpensesStep.fuelExpensesSteps.validateExpensesTableNotExist();\n_fuelExpensesStep.fuelExpensesSteps.navigateToGarage();\n_garageStep.garageStep.deleteAddedCar();",
              "err": {},
              "uuid": "e5187a5b-cea8-4301-885a-e0e6b3c9acc3",
              "parentUUID": "087f8f0a-a80c-4912-a76e-00fedbb119ad",
              "isHook": false,
              "skipped": false
            }
          ],
          "suites": [],
          "passes": [
            "8461487a-2d78-4bdc-bad1-0c6b305b26de",
            "e5187a5b-cea8-4301-885a-e0e6b3c9acc3"
          ],
          "failures": [],
          "pending": [],
          "skipped": [],
          "duration": 7331,
          "root": false,
          "rootEmpty": false,
          "_timeout": 2000
        }
      ],
      "passes": [],
      "failures": [],
      "pending": [],
      "skipped": [],
      "duration": 0,
      "root": true,
      "rootEmpty": true,
      "_timeout": 2000
    }
  ],
  "meta": {
    "mocha": {
      "version": "7.0.1"
    },
    "mochawesome": {
      "options": {
        "quiet": false,
        "reportFilename": "mochawesome",
        "saveHtml": false,
        "saveJson": true,
        "consoleReporter": "spec",
        "useInlineDiffs": false,
        "code": true
      },
      "version": "7.1.3"
    },
    "marge": {
      "options": {
        "overwrite": false,
        "html": false,
        "json": true,
        "reportDir": "cypress/reports/html/.jsons"
      },
      "version": "6.2.0"
    }
  }
}